topic_liwei 0 172.22.0.234 0 {
   "abstract" : "abstract",
   "author" : "author",
   "board_class_id" : 1,
   "board_class_name" : "board_class_name",
   "board_id" : 1,
   "board_name" : "board_name",
   "channel_id" : 1,
   "click_count" : 1,
   "content" : "content",
   "content_finger" : "content_finger",
   "evidence_degree" : 1,
   "gather_time" : 1,
   "importance_degree" : 1,
   "is_site_homepage" : 1,
   "keyvect" : "keyvect",
   "md5" : "md5",
   "old_doc" : 1,
   "organ_list" : "orgon_list",
   "page_finger" : "page_finger",
   "person_list" : "person_list",
   "pictures" : [
      "hello",
      "hello",
      "hello",
      "hello",
      "hello",
      "hello",
      "hello",
      "hello",
      "hello",
      "hello"
   ],
   "publish_time" : 1,
   "region_list" : "region_list",
   "reply_count" : 1,
   "sentiment" : 1,
   "site_id" : 1,
   "site_name" : "site_name",
   "snapshot" : "snapshot",
   "title" : "title",
   "url" : "url",
   "videos" : [
      "world",
      "world",
      "world",
      "world",
      "world",
      "world",
      "world",
      "world",
      "world",
      "world"
   ]
}

topic_liwei 0 172.22.0.234 0 {
   "abstract" : "abstract",
   "author" : "author",
   "board_class_id" : 1,
   "board_class_name" : "board_class_name",
   "board_id" : 1,
   "board_name" : "board_name",
   "channel_id" : 1,
   "click_count" : 1,
   "content" : "content",
   "content_finger" : "content_finger",
   "evidence_degree" : 1,
   "gather_time" : 1,
   "importance_degree" : 1,
   "is_site_homepage" : 1,
   "keyvect" : "keyvect",
   "md5" : "md5",
   "old_doc" : 1,
   "organ_list" : "orgon_list",
   "page_finger" : "page_finger",
   "person_list" : "person_list",
   "pictures" : [
      "hello",
      "hello",
      "hello",
      "hello",
      "hello",
      "hello",
      "hello",
      "hello",
      "hello",
      "hello"
   ],
   "publish_time" : 1,
   "region_list" : "region_list",
   "reply_count" : 1,
   "sentiment" : 1,
   "site_id" : 1,
   "site_name" : "site_name",
   "snapshot" : "snapshot",
   "title" : "title",
   "url" : "url",
   "videos" : [
      "world",
      "world",
      "world",
      "world",
      "world",
      "world",
      "world",
      "world",
      "world",
      "world"
   ]
}

topic_liwei 0 172.22.0.234 0 {
   "abstract" : "abstract",
   "author" : "author",
   "board_class_id" : 1,
   "board_class_name" : "board_class_name",
   "board_id" : 1,
   "board_name" : "board_name",
   "channel_id" : 1,
   "click_count" : 1,
   "content" : "content",
   "content_finger" : "content_finger",
   "evidence_degree" : 1,
   "gather_time" : 1,
   "importance_degree" : 1,
   "is_site_homepage" : 1,
   "keyvect" : "keyvect",
   "md5" : "md5",
   "old_doc" : 1,
   "organ_list" : "orgon_list",
   "page_finger" : "page_finger",
   "person_list" : "person_list",
   "pictures" : [
      "hello",
      "hello",
      "hello",
      "hello",
      "hello",
      "hello",
      "hello",
      "hello",
      "hello",
      "hello"
   ],
   "publish_time" : 1,
   "region_list" : "region_list",
   "reply_count" : 1,
   "sentiment" : 1,
   "site_id" : 1,
   "site_name" : "site_name",
   "snapshot" : "snapshot",
   "title" : "title",
   "url" : "url",
   "videos" : [
      "world",
      "world",
      "world",
      "world",
      "world",
      "world",
      "world",
      "world",
      "world",
      "world"
   ]
}

topic_liwei 0 172.22.0.234 0 {
   "abstract" : "abstract",
   "author" : "author",
   "board_class_id" : 1,
   "board_class_name" : "board_class_name",
   "board_id" : 1,
   "board_name" : "board_name",
   "channel_id" : 1,
   "click_count" : 1,
   "content" : "content",
   "content_finger" : "content_finger",
   "evidence_degree" : 1,
   "gather_time" : 1,
   "importance_degree" : 1,
   "is_site_homepage" : 1,
   "keyvect" : "keyvect",
   "md5" : "md5",
   "old_doc" : 1,
   "organ_list" : "orgon_list",
   "page_finger" : "page_finger",
   "person_list" : "person_list",
   "pictures" : [
      "hello",
      "hello",
      "hello",
      "hello",
      "hello",
      "hello",
      "hello",
      "hello",
      "hello",
      "hello"
   ],
   "publish_time" : 1,
   "region_list" : "region_list",
   "reply_count" : 1,
   "sentiment" : 1,
   "site_id" : 1,
   "site_name" : "site_name",
   "snapshot" : "snapshot",
   "title" : "title",
   "url" : "url",
   "videos" : [
      "world",
      "world",
      "world",
      "world",
      "world",
      "world",
      "world",
      "world",
      "world",
      "world"
   ]
}

topic_liwei 0 172.22.0.234 0 {
   "abstract" : "abstract",
   "author" : "author",
   "board_class_id" : 1,
   "board_class_name" : "board_class_name",
   "board_id" : 1,
   "board_name" : "board_name",
   "channel_id" : 1,
   "click_count" : 1,
   "content" : "content",
   "content_finger" : "content_finger",
   "evidence_degree" : 1,
   "gather_time" : 1,
   "importance_degree" : 1,
   "is_site_homepage" : 1,
   "keyvect" : "keyvect",
   "md5" : "md5",
   "old_doc" : 1,
   "organ_list" : "orgon_list",
   "page_finger" : "page_finger",
   "person_list" : "person_list",
   "pictures" : [
      "hello",
      "hello",
      "hello",
      "hello",
      "hello",
      "hello",
      "hello",
      "hello",
      "hello",
      "hello"
   ],
   "publish_time" : 1,
   "region_list" : "region_list",
   "reply_count" : 1,
   "sentiment" : 1,
   "site_id" : 1,
   "site_name" : "site_name",
   "snapshot" : "snapshot",
   "title" : "title",
   "url" : "url",
   "videos" : [
      "world",
      "world",
      "world",
      "world",
      "world",
      "world",
      "world",
      "world",
      "world",
      "world"
   ]
}

topic_liwei 0 172.22.0.234 0 {
   "abstract" : "abstract",
   "author" : "author",
   "board_class_id" : 1,
   "board_class_name" : "board_class_name",
   "board_id" : 1,
   "board_name" : "board_name",
   "channel_id" : 1,
   "click_count" : 1,
   "content" : "content",
   "content_finger" : "content_finger",
   "evidence_degree" : 1,
   "gather_time" : 1,
   "importance_degree" : 1,
   "is_site_homepage" : 1,
   "keyvect" : "keyvect",
   "md5" : "md5",
   "old_doc" : 1,
   "organ_list" : "orgon_list",
   "page_finger" : "page_finger",
   "person_list" : "person_list",
   "pictures" : [
      "hello",
      "hello",
      "hello",
      "hello",
      "hello",
      "hello",
      "hello",
      "hello",
      "hello",
      "hello"
   ],
   "publish_time" : 1,
   "region_list" : "region_list",
   "reply_count" : 1,
   "sentiment" : 1,
   "site_id" : 1,
   "site_name" : "site_name",
   "snapshot" : "snapshot",
   "title" : "title",
   "url" : "url",
   "videos" : [
      "world",
      "world",
      "world",
      "world",
      "world",
      "world",
      "world",
      "world",
      "world",
      "world"
   ]
}

