This file contains any messages produced by compilers while
running configure, to aid debugging if configure makes a mistake.

It was created by log4cpp configure 1.0, which was
generated by GNU Autoconf 2.61.  Invocation command line was

  $ ./configure 

## --------- ##
## Platform. ##
## --------- ##

hostname = Processor004
uname -m = x86_64
uname -r = 2.6.18-238.el5xen
uname -s = Linux
uname -v = #1 SMP Thu Jan 13 16:41:45 EST 2011

/usr/bin/uname -p = unknown
/bin/uname -X     = unknown

/bin/arch              = x86_64
/usr/bin/arch -k       = unknown
/usr/convex/getsysinfo = unknown
/usr/bin/hostinfo      = unknown
/bin/machine           = unknown
/usr/bin/oslevel       = unknown
/bin/universe          = unknown

PATH: /usr/lib64/qt-3.3/bin
PATH: /usr/kerberos/bin
PATH: /usr/local/bin
PATH: /bin
PATH: /usr/bin
PATH: /home/yqpt2/bin
PATH: /home/yqpt2/mongo/bin


## ----------- ##
## Core tests. ##
## ----------- ##

configure:2021: checking for a BSD-compatible install
configure:2077: result: /usr/bin/install -c
configure:2088: checking whether build environment is sane
configure:2131: result: yes
configure:2159: checking for a thread-safe mkdir -p
configure:2198: result: /bin/mkdir -p
configure:2211: checking for gawk
configure:2227: found /bin/gawk
configure:2238: result: gawk
configure:2249: checking whether make sets $(MAKE)
configure:2270: result: yes
configure:2476: checking build system type
configure:2494: result: x86_64-unknown-linux-gnu
configure:2516: checking host system type
configure:2531: result: x86_64-unknown-linux-gnu
configure:2654: checking for style of include used by make
configure:2682: result: GNU
configure:2752: checking for gcc
configure:2768: found /usr/bin/gcc
configure:2779: result: gcc
configure:3017: checking for C compiler version
configure:3024: gcc --version >&5
gcc (GCC) 4.1.2 20080704 (Red Hat 4.1.2-50)
Copyright (C) 2006 Free Software Foundation, Inc.
This is free software; see the source for copying conditions.  There is NO
warranty; not even for MERCHANTABILITY or FITNESS FOR A PARTICULAR PURPOSE.

configure:3027: $? = 0
configure:3034: gcc -v >&5
Using built-in specs.
Target: x86_64-redhat-linux
Configured with: ../configure --prefix=/usr --mandir=/usr/share/man --infodir=/usr/share/info --enable-shared --enable-threads=posix --enable-checking=release --with-system-zlib --enable-__cxa_atexit --disable-libunwind-exceptions --enable-libgcj-multifile --enable-languages=c,c++,objc,obj-c++,java,fortran,ada --enable-java-awt=gtk --disable-dssi --disable-plugin --with-java-home=/usr/lib/jvm/java-1.4.2-gcj-1.4.2.0/jre --with-cpu=generic --host=x86_64-redhat-linux
Thread model: posix
gcc version 4.1.2 20080704 (Red Hat 4.1.2-50)
configure:3037: $? = 0
configure:3044: gcc -V >&5
gcc: '-V' option must have argument
configure:3047: $? = 1
configure:3070: checking for C compiler default output file name
configure:3097: gcc    conftest.c  >&5
configure:3100: $? = 0
configure:3138: result: a.out
configure:3155: checking whether the C compiler works
configure:3165: ./a.out
configure:3168: $? = 0
configure:3185: result: yes
configure:3192: checking whether we are cross compiling
configure:3194: result: no
configure:3197: checking for suffix of executables
configure:3204: gcc -o conftest    conftest.c  >&5
configure:3207: $? = 0
configure:3231: result: 
configure:3237: checking for suffix of object files
configure:3263: gcc -c   conftest.c >&5
configure:3266: $? = 0
configure:3289: result: o
configure:3293: checking whether we are using the GNU C compiler
configure:3322: gcc -c   conftest.c >&5
configure:3328: $? = 0
configure:3345: result: yes
configure:3350: checking whether gcc accepts -g
configure:3380: gcc -c -g  conftest.c >&5
configure:3386: $? = 0
configure:3485: result: yes
configure:3502: checking for gcc option to accept ISO C89
configure:3576: gcc  -c -g -O2  conftest.c >&5
configure:3582: $? = 0
configure:3605: result: none needed
configure:3625: checking dependency style of gcc
configure:3716: result: gcc3
configure:3731: checking for a sed that does not truncate output
configure:3787: result: /bin/sed
configure:3790: checking for grep that handles long lines and -e
configure:3864: result: /bin/grep
configure:3869: checking for egrep
configure:3947: result: /bin/grep -E
configure:3963: checking for ld used by gcc
configure:4030: result: /usr/bin/ld
configure:4039: checking if the linker (/usr/bin/ld) is GNU ld
configure:4054: result: yes
configure:4059: checking for /usr/bin/ld option to reload object files
configure:4066: result: -r
configure:4084: checking for BSD-compatible nm
configure:4133: result: /usr/bin/nm -B
configure:4137: checking whether ln -s works
configure:4141: result: yes
configure:4148: checking how to recognize dependent libraries
configure:4334: result: pass_all
configure:4423: gcc -c -g -O2  conftest.c >&5
configure:4426: $? = 0
configure:4575: checking how to run the C preprocessor
configure:4615: gcc -E  conftest.c
configure:4621: $? = 0
configure:4652: gcc -E  conftest.c
conftest.c:10:28: error: ac_nonexistent.h: No such file or directory
configure:4658: $? = 1
configure: failed program was:
| /* confdefs.h.  */
| #define PACKAGE_NAME "log4cpp"
| #define PACKAGE_TARNAME "log4cpp"
| #define PACKAGE_VERSION "1.0"
| #define PACKAGE_STRING "log4cpp 1.0"
| #define PACKAGE_BUGREPORT ""
| #define PACKAGE "log4cpp"
| #define VERSION "1.0"
| /* end confdefs.h.  */
| #include <ac_nonexistent.h>
configure:4691: result: gcc -E
configure:4720: gcc -E  conftest.c
configure:4726: $? = 0
configure:4757: gcc -E  conftest.c
conftest.c:10:28: error: ac_nonexistent.h: No such file or directory
configure:4763: $? = 1
configure: failed program was:
| /* confdefs.h.  */
| #define PACKAGE_NAME "log4cpp"
| #define PACKAGE_TARNAME "log4cpp"
| #define PACKAGE_VERSION "1.0"
| #define PACKAGE_STRING "log4cpp 1.0"
| #define PACKAGE_BUGREPORT ""
| #define PACKAGE "log4cpp"
| #define VERSION "1.0"
| /* end confdefs.h.  */
| #include <ac_nonexistent.h>
configure:4801: checking for ANSI C header files
configure:4831: gcc -c -g -O2  conftest.c >&5
configure:4837: $? = 0
configure:4936: gcc -o conftest -g -O2   conftest.c  >&5
configure:4939: $? = 0
configure:4945: ./conftest
configure:4948: $? = 0
configure:4965: result: yes
configure:4989: checking for sys/types.h
configure:5010: gcc -c -g -O2  conftest.c >&5
configure:5016: $? = 0
configure:5032: result: yes
configure:4989: checking for sys/stat.h
configure:5010: gcc -c -g -O2  conftest.c >&5
configure:5016: $? = 0
configure:5032: result: yes
configure:4989: checking for stdlib.h
configure:5010: gcc -c -g -O2  conftest.c >&5
configure:5016: $? = 0
configure:5032: result: yes
configure:4989: checking for string.h
configure:5010: gcc -c -g -O2  conftest.c >&5
configure:5016: $? = 0
configure:5032: result: yes
configure:4989: checking for memory.h
configure:5010: gcc -c -g -O2  conftest.c >&5
configure:5016: $? = 0
configure:5032: result: yes
configure:4989: checking for strings.h
configure:5010: gcc -c -g -O2  conftest.c >&5
configure:5016: $? = 0
configure:5032: result: yes
configure:4989: checking for inttypes.h
configure:5010: gcc -c -g -O2  conftest.c >&5
configure:5016: $? = 0
configure:5032: result: yes
configure:4989: checking for stdint.h
configure:5010: gcc -c -g -O2  conftest.c >&5
configure:5016: $? = 0
configure:5032: result: yes
configure:4989: checking for unistd.h
configure:5010: gcc -c -g -O2  conftest.c >&5
configure:5016: $? = 0
configure:5032: result: yes
configure:5059: checking dlfcn.h usability
configure:5076: gcc -c -g -O2  conftest.c >&5
configure:5082: $? = 0
configure:5096: result: yes
configure:5100: checking dlfcn.h presence
configure:5115: gcc -E  conftest.c
configure:5121: $? = 0
configure:5135: result: yes
configure:5163: checking for dlfcn.h
configure:5171: result: yes
configure:5242: checking for g++
configure:5258: found /usr/bin/g++
configure:5269: result: g++
configure:5300: checking for C++ compiler version
configure:5307: g++ --version >&5
g++ (GCC) 4.1.2 20080704 (Red Hat 4.1.2-50)
Copyright (C) 2006 Free Software Foundation, Inc.
This is free software; see the source for copying conditions.  There is NO
warranty; not even for MERCHANTABILITY or FITNESS FOR A PARTICULAR PURPOSE.

configure:5310: $? = 0
configure:5317: g++ -v >&5
Using built-in specs.
Target: x86_64-redhat-linux
Configured with: ../configure --prefix=/usr --mandir=/usr/share/man --infodir=/usr/share/info --enable-shared --enable-threads=posix --enable-checking=release --with-system-zlib --enable-__cxa_atexit --disable-libunwind-exceptions --enable-libgcj-multifile --enable-languages=c,c++,objc,obj-c++,java,fortran,ada --enable-java-awt=gtk --disable-dssi --disable-plugin --with-java-home=/usr/lib/jvm/java-1.4.2-gcj-1.4.2.0/jre --with-cpu=generic --host=x86_64-redhat-linux
Thread model: posix
gcc version 4.1.2 20080704 (Red Hat 4.1.2-50)
configure:5320: $? = 0
configure:5327: g++ -V >&5
g++: '-V' option must have argument
configure:5330: $? = 1
configure:5333: checking whether we are using the GNU C++ compiler
configure:5362: g++ -c   conftest.cpp >&5
configure:5368: $? = 0
configure:5385: result: yes
configure:5390: checking whether g++ accepts -g
configure:5420: g++ -c -g  conftest.cpp >&5
configure:5426: $? = 0
configure:5525: result: yes
configure:5550: checking dependency style of g++
configure:5641: result: gcc3
configure:5666: checking how to run the C++ preprocessor
configure:5702: g++ -E  conftest.cpp
configure:5708: $? = 0
configure:5739: g++ -E  conftest.cpp
conftest.cpp:21:28: error: ac_nonexistent.h: No such file or directory
configure:5745: $? = 1
configure: failed program was:
| /* confdefs.h.  */
| #define PACKAGE_NAME "log4cpp"
| #define PACKAGE_TARNAME "log4cpp"
| #define PACKAGE_VERSION "1.0"
| #define PACKAGE_STRING "log4cpp 1.0"
| #define PACKAGE_BUGREPORT ""
| #define PACKAGE "log4cpp"
| #define VERSION "1.0"
| #define STDC_HEADERS 1
| #define HAVE_SYS_TYPES_H 1
| #define HAVE_SYS_STAT_H 1
| #define HAVE_STDLIB_H 1
| #define HAVE_STRING_H 1
| #define HAVE_MEMORY_H 1
| #define HAVE_STRINGS_H 1
| #define HAVE_INTTYPES_H 1
| #define HAVE_STDINT_H 1
| #define HAVE_UNISTD_H 1
| #define HAVE_DLFCN_H 1
| /* end confdefs.h.  */
| #include <ac_nonexistent.h>
configure:5778: result: g++ -E
configure:5807: g++ -E  conftest.cpp
configure:5813: $? = 0
configure:5844: g++ -E  conftest.cpp
conftest.cpp:21:28: error: ac_nonexistent.h: No such file or directory
configure:5850: $? = 1
configure: failed program was:
| /* confdefs.h.  */
| #define PACKAGE_NAME "log4cpp"
| #define PACKAGE_TARNAME "log4cpp"
| #define PACKAGE_VERSION "1.0"
| #define PACKAGE_STRING "log4cpp 1.0"
| #define PACKAGE_BUGREPORT ""
| #define PACKAGE "log4cpp"
| #define VERSION "1.0"
| #define STDC_HEADERS 1
| #define HAVE_SYS_TYPES_H 1
| #define HAVE_SYS_STAT_H 1
| #define HAVE_STDLIB_H 1
| #define HAVE_STRING_H 1
| #define HAVE_MEMORY_H 1
| #define HAVE_STRINGS_H 1
| #define HAVE_INTTYPES_H 1
| #define HAVE_STDINT_H 1
| #define HAVE_UNISTD_H 1
| #define HAVE_DLFCN_H 1
| /* end confdefs.h.  */
| #include <ac_nonexistent.h>
configure:5943: checking for g77
configure:5959: found /usr/bin/g77
configure:5970: result: g77
configure:6000: checking for Fortran 77 compiler version
configure:6007: g77 --version >&5
GNU Fortran (GCC) 3.4.6 20060404 (Red Hat 3.4.6-4.1)
Copyright (C) 2006 Free Software Foundation, Inc.

GNU Fortran comes with NO WARRANTY, to the extent permitted by law.
You may redistribute copies of GNU Fortran
under the terms of the GNU General Public License.
For more information about these matters, see the file named COPYING
or type the command `info -f g77 Copying'.
configure:6010: $? = 0
configure:6017: g77 -v >&5
Reading specs from /usr/lib/gcc/x86_64-redhat-linux/3.4.6/specs
Configured with: ../configure --prefix=/usr --mandir=/usr/share/man --infodir=/usr/share/info --enable-shared --enable-threads=posix --disable-checking --with-system-zlib --enable-__cxa_atexit --disable-libunwind-exceptions --enable-languages=c,c++,f77 --disable-libgcj --host=x86_64-redhat-linux
Thread model: posix
gcc version 3.4.6 20060404 (Red Hat 3.4.6-4.1)
configure:6020: $? = 0
configure:6027: g77 -V >&5
g77: `-V' option must have argument
configure:6030: $? = 1
configure:6038: checking whether we are using the GNU Fortran 77 compiler
configure:6057: g77 -c  conftest.F >&5
configure:6063: $? = 0
configure:6080: result: yes
configure:6086: checking whether g77 accepts -g
configure:6103: g77 -c -g conftest.f >&5
configure:6109: $? = 0
configure:6125: result: yes
configure:6155: checking the maximum length of command line arguments
configure:6267: result: 98304
configure:6279: checking command to parse /usr/bin/nm -B output from gcc object
configure:6384: gcc -c -g -O2  conftest.c >&5
configure:6387: $? = 0
configure:6391: /usr/bin/nm -B conftest.o \| sed -n -e 's/^.*[ 	]\([ABCDGIRSTW][ABCDGIRSTW]*\)[ 	][ 	]*\([_A-Za-z][_A-Za-z0-9]*\)$/\1 \2 \2/p' \> conftest.nm
configure:6394: $? = 0
configure:6446: gcc -o conftest -g -O2   conftest.c conftstm.o >&5
configure:6449: $? = 0
configure:6487: result: ok
configure:6491: checking for objdir
configure:6506: result: .libs
configure:6598: checking for ar
configure:6614: found /usr/bin/ar
configure:6625: result: ar
configure:6694: checking for ranlib
configure:6710: found /usr/bin/ranlib
configure:6721: result: ranlib
configure:6790: checking for strip
configure:6806: found /usr/bin/strip
configure:6817: result: strip
configure:7054: checking for correct ltmain.sh version
configure:7104: result: yes
configure:7164: checking if gcc supports -fno-rtti -fno-exceptions
configure:7182: gcc -c -g -O2  -fno-rtti -fno-exceptions conftest.c >&5
cc1: warning: command line option "-fno-rtti" is valid for C++/ObjC++ but not for C
configure:7186: $? = 0
configure:7199: result: no
configure:7214: checking for gcc option to produce PIC
configure:7446: result: -fPIC
configure:7454: checking if gcc PIC flag -fPIC works
configure:7472: gcc -c -g -O2  -fPIC -DPIC conftest.c >&5
configure:7476: $? = 0
configure:7489: result: yes
configure:7517: checking if gcc static flag -static works
configure:7545: result: yes
configure:7555: checking if gcc supports -c -o file.o
configure:7576: gcc -c -g -O2  -o out/conftest2.o conftest.c >&5
configure:7580: $? = 0
configure:7602: result: yes
configure:7628: checking whether the gcc linker (/usr/bin/ld -m elf_x86_64) supports shared libraries
configure:8608: result: yes
configure:8629: checking whether -lc should be explicitly linked in
configure:8634: gcc -c -g -O2  conftest.c >&5
configure:8637: $? = 0
configure:8652: gcc -shared conftest.o  -v -Wl,-soname -Wl,conftest -o conftest 2\>\&1 \| grep  -lc  \>/dev/null 2\>\&1
configure:8655: $? = 0
configure:8667: result: no
configure:8675: checking dynamic linker characteristics
configure:9290: result: GNU/Linux ld.so
configure:9299: checking how to hardcode library paths into programs
configure:9324: result: immediate
configure:9338: checking whether stripping libraries is possible
configure:9343: result: yes
configure:10145: checking if libtool supports shared libraries
configure:10147: result: yes
configure:10150: checking whether to build shared libraries
configure:10171: result: yes
configure:10174: checking whether to build static libraries
configure:10178: result: yes
configure:10271: creating libtool
configure:10859: checking for ld used by g++
configure:10926: result: /usr/bin/ld -m elf_x86_64
configure:10935: checking if the linker (/usr/bin/ld -m elf_x86_64) is GNU ld
configure:10950: result: yes
configure:11001: checking whether the g++ linker (/usr/bin/ld -m elf_x86_64) supports shared libraries
configure:11975: result: yes
configure:11993: g++ -c -g -O2  conftest.cpp >&5
configure:11996: $? = 0
configure:12148: checking for g++ option to produce PIC
configure:12432: result: -fPIC
configure:12440: checking if g++ PIC flag -fPIC works
configure:12458: g++ -c -g -O2  -fPIC -DPIC conftest.cpp >&5
configure:12462: $? = 0
configure:12475: result: yes
configure:12503: checking if g++ static flag -static works
configure:12531: result: yes
configure:12541: checking if g++ supports -c -o file.o
configure:12562: g++ -c -g -O2  -o out/conftest2.o conftest.cpp >&5
configure:12566: $? = 0
configure:12588: result: yes
configure:12614: checking whether the g++ linker (/usr/bin/ld -m elf_x86_64) supports shared libraries
configure:12639: result: yes
configure:12706: checking dynamic linker characteristics
configure:13269: result: GNU/Linux ld.so
configure:13278: checking how to hardcode library paths into programs
configure:13303: result: immediate
configure:13837: checking if libtool supports shared libraries
configure:13839: result: yes
configure:13842: checking whether to build shared libraries
configure:13862: result: yes
configure:13865: checking whether to build static libraries
configure:13869: result: yes
configure:13879: checking for g77 option to produce PIC
configure:14111: result: -fPIC
configure:14119: checking if g77 PIC flag -fPIC works
configure:14137: g77 -c -g -O2 -fPIC conftest.f >&5
configure:14141: $? = 0
configure:14154: result: yes
configure:14182: checking if g77 static flag -static works
configure:14210: result: yes
configure:14220: checking if g77 supports -c -o file.o
configure:14241: g77 -c -g -O2 -o out/conftest2.o conftest.f >&5
configure:14245: $? = 0
configure:14267: result: yes
configure:14293: checking whether the g77 linker (/usr/bin/ld -m elf_x86_64) supports shared libraries
configure:15253: result: yes
configure:15320: checking dynamic linker characteristics
configure:15883: result: GNU/Linux ld.so
configure:15892: checking how to hardcode library paths into programs
configure:15917: result: immediate
configure:19513: checking for a BSD-compatible install
configure:19569: result: /usr/bin/install -c
configure:19580: checking whether make sets $(MAKE)
configure:19601: result: yes
configure:19727: checking for C++ compiler version
configure:19734: g++ --version >&5
g++ (GCC) 4.1.2 20080704 (Red Hat 4.1.2-50)
Copyright (C) 2006 Free Software Foundation, Inc.
This is free software; see the source for copying conditions.  There is NO
warranty; not even for MERCHANTABILITY or FITNESS FOR A PARTICULAR PURPOSE.

configure:19737: $? = 0
configure:19744: g++ -v >&5
Using built-in specs.
Target: x86_64-redhat-linux
Configured with: ../configure --prefix=/usr --mandir=/usr/share/man --infodir=/usr/share/info --enable-shared --enable-threads=posix --enable-checking=release --with-system-zlib --enable-__cxa_atexit --disable-libunwind-exceptions --enable-libgcj-multifile --enable-languages=c,c++,objc,obj-c++,java,fortran,ada --enable-java-awt=gtk --disable-dssi --disable-plugin --with-java-home=/usr/lib/jvm/java-1.4.2-gcj-1.4.2.0/jre --with-cpu=generic --host=x86_64-redhat-linux
Thread model: posix
gcc version 4.1.2 20080704 (Red Hat 4.1.2-50)
configure:19747: $? = 0
configure:19754: g++ -V >&5
g++: '-V' option must have argument
configure:19757: $? = 1
configure:19760: checking whether we are using the GNU C++ compiler
configure:19812: result: yes
configure:19817: checking whether g++ accepts -g
configure:19952: result: yes
configure:19977: checking dependency style of g++
configure:20068: result: gcc3
configure:20094: checking how to run the C++ preprocessor
configure:20206: result: g++ -E
configure:20235: g++ -E  conftest.cpp
configure:20241: $? = 0
configure:20272: g++ -E  conftest.cpp
conftest.cpp:21:28: error: ac_nonexistent.h: No such file or directory
configure:20278: $? = 1
configure: failed program was:
| /* confdefs.h.  */
| #define PACKAGE_NAME "log4cpp"
| #define PACKAGE_TARNAME "log4cpp"
| #define PACKAGE_VERSION "1.0"
| #define PACKAGE_STRING "log4cpp 1.0"
| #define PACKAGE_BUGREPORT ""
| #define PACKAGE "log4cpp"
| #define VERSION "1.0"
| #define STDC_HEADERS 1
| #define HAVE_SYS_TYPES_H 1
| #define HAVE_SYS_STAT_H 1
| #define HAVE_STDLIB_H 1
| #define HAVE_STRING_H 1
| #define HAVE_MEMORY_H 1
| #define HAVE_STRINGS_H 1
| #define HAVE_INTTYPES_H 1
| #define HAVE_STDINT_H 1
| #define HAVE_UNISTD_H 1
| #define HAVE_DLFCN_H 1
| /* end confdefs.h.  */
| #include <ac_nonexistent.h>
configure:20329: checking for unistd.h
configure:20335: result: yes
configure:20479: checking io.h usability
configure:20496: gcc -c  -O2 -DNDEBUG  conftest.c >&5
conftest.c:55:16: error: io.h: No such file or directory
configure:20502: $? = 1
configure: failed program was:
| /* confdefs.h.  */
| #define PACKAGE_NAME "log4cpp"
| #define PACKAGE_TARNAME "log4cpp"
| #define PACKAGE_VERSION "1.0"
| #define PACKAGE_STRING "log4cpp 1.0"
| #define PACKAGE_BUGREPORT ""
| #define PACKAGE "log4cpp"
| #define VERSION "1.0"
| #define STDC_HEADERS 1
| #define HAVE_SYS_TYPES_H 1
| #define HAVE_SYS_STAT_H 1
| #define HAVE_STDLIB_H 1
| #define HAVE_STRING_H 1
| #define HAVE_MEMORY_H 1
| #define HAVE_STRINGS_H 1
| #define HAVE_INTTYPES_H 1
| #define HAVE_STDINT_H 1
| #define HAVE_UNISTD_H 1
| #define HAVE_DLFCN_H 1
| #define HAVE_UNISTD_H 1
| /* end confdefs.h.  */
| #include <stdio.h>
| #ifdef HAVE_SYS_TYPES_H
| # include <sys/types.h>
| #endif
| #ifdef HAVE_SYS_STAT_H
| # include <sys/stat.h>
| #endif
| #ifdef STDC_HEADERS
| # include <stdlib.h>
| # include <stddef.h>
| #else
| # ifdef HAVE_STDLIB_H
| #  include <stdlib.h>
| # endif
| #endif
| #ifdef HAVE_STRING_H
| # if !defined STDC_HEADERS && defined HAVE_MEMORY_H
| #  include <memory.h>
| # endif
| # include <string.h>
| #endif
| #ifdef HAVE_STRINGS_H
| # include <strings.h>
| #endif
| #ifdef HAVE_INTTYPES_H
| # include <inttypes.h>
| #endif
| #ifdef HAVE_STDINT_H
| # include <stdint.h>
| #endif
| #ifdef HAVE_UNISTD_H
| # include <unistd.h>
| #endif
| #include <io.h>
configure:20516: result: no
configure:20520: checking io.h presence
configure:20535: gcc -E  conftest.c
conftest.c:22:16: error: io.h: No such file or directory
configure:20541: $? = 1
configure: failed program was:
| /* confdefs.h.  */
| #define PACKAGE_NAME "log4cpp"
| #define PACKAGE_TARNAME "log4cpp"
| #define PACKAGE_VERSION "1.0"
| #define PACKAGE_STRING "log4cpp 1.0"
| #define PACKAGE_BUGREPORT ""
| #define PACKAGE "log4cpp"
| #define VERSION "1.0"
| #define STDC_HEADERS 1
| #define HAVE_SYS_TYPES_H 1
| #define HAVE_SYS_STAT_H 1
| #define HAVE_STDLIB_H 1
| #define HAVE_STRING_H 1
| #define HAVE_MEMORY_H 1
| #define HAVE_STRINGS_H 1
| #define HAVE_INTTYPES_H 1
| #define HAVE_STDINT_H 1
| #define HAVE_UNISTD_H 1
| #define HAVE_DLFCN_H 1
| #define HAVE_UNISTD_H 1
| /* end confdefs.h.  */
| #include <io.h>
configure:20555: result: no
configure:20583: checking for io.h
configure:20591: result: no
configure:20607: checking for int64_t
configure:20633: gcc -c  -O2 -DNDEBUG  conftest.c >&5
configure:20639: $? = 0
configure:20655: result: yes
configure:20670: checking for working snprintf
configure:20694: gcc -o conftest  -O2 -DNDEBUG   conftest.c  >&5
conftest.c:22:1: warning: "HAVE_STDINT_H" redefined
conftest.c:17:1: warning: this is the location of the previous definition
conftest.c: In function 'main':
conftest.c:25: warning: incompatible implicit declaration of built-in function 'exit'
configure:20697: $? = 0
configure:20703: ./conftest
configure:20706: $? = 0
configure:20722: result: yes
configure:20738: checking for syslog
configure:20794: gcc -o conftest  -O2 -DNDEBUG   conftest.c  >&5
conftest.c:22:1: warning: "HAVE_STDINT_H" redefined
conftest.c:17:1: warning: this is the location of the previous definition
configure:20800: $? = 0
configure:20818: result: yes
configure:20832: checking for gettimeofday
configure:20888: gcc -o conftest  -O2 -DNDEBUG   conftest.c  >&5
conftest.c:22:1: warning: "HAVE_STDINT_H" redefined
conftest.c:17:1: warning: this is the location of the previous definition
configure:20894: $? = 0
configure:20912: result: yes
configure:20926: checking for ftime
configure:20982: gcc -o conftest  -O2 -DNDEBUG   conftest.c  >&5
conftest.c:22:1: warning: "HAVE_STDINT_H" redefined
conftest.c:17:1: warning: this is the location of the previous definition
configure:20988: $? = 0
configure:21006: result: yes
configure:21020: checking for localtime_r
configure:21076: gcc -o conftest  -O2 -DNDEBUG   conftest.c  >&5
conftest.c:22:1: warning: "HAVE_STDINT_H" redefined
conftest.c:17:1: warning: this is the location of the previous definition
configure:21082: $? = 0
configure:21100: result: yes
configure:21115: checking for socket in -lsocket
configure:21150: gcc -o conftest  -O2 -DNDEBUG   conftest.c -lsocket   >&5
conftest.c:22:1: warning: "HAVE_STDINT_H" redefined
conftest.c:17:1: warning: this is the location of the previous definition
/usr/bin/ld: cannot find -lsocket
collect2: ld returned 1 exit status
configure:21156: $? = 1
configure: failed program was:
| /* confdefs.h.  */
| #define PACKAGE_NAME "log4cpp"
| #define PACKAGE_TARNAME "log4cpp"
| #define PACKAGE_VERSION "1.0"
| #define PACKAGE_STRING "log4cpp 1.0"
| #define PACKAGE_BUGREPORT ""
| #define PACKAGE "log4cpp"
| #define VERSION "1.0"
| #define STDC_HEADERS 1
| #define HAVE_SYS_TYPES_H 1
| #define HAVE_SYS_STAT_H 1
| #define HAVE_STDLIB_H 1
| #define HAVE_STRING_H 1
| #define HAVE_MEMORY_H 1
| #define HAVE_STRINGS_H 1
| #define HAVE_INTTYPES_H 1
| #define HAVE_STDINT_H 1
| #define HAVE_UNISTD_H 1
| #define HAVE_DLFCN_H 1
| #define HAVE_UNISTD_H 1
| #define HAVE_INT64_T
| #define HAVE_STDINT_H
| #define HAVE_SNPRINTF
| #define HAVE_SYSLOG 1
| #define HAVE_GETTIMEOFDAY 1
| #define HAVE_FTIME 1
| #define HAVE_LOCALTIME_R 1
| /* end confdefs.h.  */
| 
| /* Override any GCC internal prototype to avoid an error.
|    Use char because int might match the return type of a GCC
|    builtin and then its argument prototype would still apply.  */
| #ifdef __cplusplus
| extern "C"
| #endif
| char socket ();
| int
| main ()
| {
| return socket ();
|   ;
|   return 0;
| }
configure:21174: result: no
configure:21180: checking for gethostbyname in -lnsl
configure:21215: gcc -o conftest  -O2 -DNDEBUG   conftest.c -lnsl   >&5
conftest.c:22:1: warning: "HAVE_STDINT_H" redefined
conftest.c:17:1: warning: this is the location of the previous definition
configure:21221: $? = 0
configure:21239: result: yes
configure:21439: checking for the pthreads library -lpthreads
configure:21482: gcc -o conftest  -O2 -DNDEBUG    conftest.c -lpthreads -lnsl  >&5
conftest.c:22:1: warning: "HAVE_STDINT_H" redefined
conftest.c:17:1: warning: this is the location of the previous definition
/usr/bin/ld: cannot find -lpthreads
collect2: ld returned 1 exit status
configure:21488: $? = 1
configure: failed program was:
| /* confdefs.h.  */
| #define PACKAGE_NAME "log4cpp"
| #define PACKAGE_TARNAME "log4cpp"
| #define PACKAGE_VERSION "1.0"
| #define PACKAGE_STRING "log4cpp 1.0"
| #define PACKAGE_BUGREPORT ""
| #define PACKAGE "log4cpp"
| #define VERSION "1.0"
| #define STDC_HEADERS 1
| #define HAVE_SYS_TYPES_H 1
| #define HAVE_SYS_STAT_H 1
| #define HAVE_STDLIB_H 1
| #define HAVE_STRING_H 1
| #define HAVE_MEMORY_H 1
| #define HAVE_STRINGS_H 1
| #define HAVE_INTTYPES_H 1
| #define HAVE_STDINT_H 1
| #define HAVE_UNISTD_H 1
| #define HAVE_DLFCN_H 1
| #define HAVE_UNISTD_H 1
| #define HAVE_INT64_T
| #define HAVE_STDINT_H
| #define HAVE_SNPRINTF
| #define HAVE_SYSLOG 1
| #define HAVE_GETTIMEOFDAY 1
| #define HAVE_FTIME 1
| #define HAVE_LOCALTIME_R 1
| /* end confdefs.h.  */
| #include <pthread.h>
| int
| main ()
| {
| pthread_t th; pthread_join(th, 0);
|                      pthread_attr_init(0); pthread_cleanup_push(0, 0);
|                      pthread_create(0,0,0,0); pthread_cleanup_pop(0);
|   ;
|   return 0;
| }
configure:21508: result: no
configure:21384: checking whether pthreads work without any flags
configure:21482: gcc -o conftest  -O2 -DNDEBUG    conftest.c  -lnsl  >&5
conftest.c:22:1: warning: "HAVE_STDINT_H" redefined
conftest.c:17:1: warning: this is the location of the previous definition
/tmp/ccw3QE1n.o: In function `main':
conftest.c:(.text+0x8): undefined reference to `pthread_join'
conftest.c:(.text+0x25): undefined reference to `__pthread_register_cancel'
conftest.c:(.text+0x32): undefined reference to `pthread_create'
conftest.c:(.text+0x3a): undefined reference to `__pthread_unregister_cancel'
collect2: ld returned 1 exit status
configure:21488: $? = 1
configure: failed program was:
| /* confdefs.h.  */
| #define PACKAGE_NAME "log4cpp"
| #define PACKAGE_TARNAME "log4cpp"
| #define PACKAGE_VERSION "1.0"
| #define PACKAGE_STRING "log4cpp 1.0"
| #define PACKAGE_BUGREPORT ""
| #define PACKAGE "log4cpp"
| #define VERSION "1.0"
| #define STDC_HEADERS 1
| #define HAVE_SYS_TYPES_H 1
| #define HAVE_SYS_STAT_H 1
| #define HAVE_STDLIB_H 1
| #define HAVE_STRING_H 1
| #define HAVE_MEMORY_H 1
| #define HAVE_STRINGS_H 1
| #define HAVE_INTTYPES_H 1
| #define HAVE_STDINT_H 1
| #define HAVE_UNISTD_H 1
| #define HAVE_DLFCN_H 1
| #define HAVE_UNISTD_H 1
| #define HAVE_INT64_T
| #define HAVE_STDINT_H
| #define HAVE_SNPRINTF
| #define HAVE_SYSLOG 1
| #define HAVE_GETTIMEOFDAY 1
| #define HAVE_FTIME 1
| #define HAVE_LOCALTIME_R 1
| /* end confdefs.h.  */
| #include <pthread.h>
| int
| main ()
| {
| pthread_t th; pthread_join(th, 0);
|                      pthread_attr_init(0); pthread_cleanup_push(0, 0);
|                      pthread_create(0,0,0,0); pthread_cleanup_pop(0);
|   ;
|   return 0;
| }
configure:21508: result: no
configure:21389: checking whether pthreads work with -Kthread
configure:21482: gcc -o conftest  -O2 -DNDEBUG -Kthread   conftest.c  -lnsl  >&5
gcc: unrecognized option '-Kthread'
conftest.c:22:1: warning: "HAVE_STDINT_H" redefined
conftest.c:17:1: warning: this is the location of the previous definition
/tmp/ccw05ITR.o: In function `main':
conftest.c:(.text+0x8): undefined reference to `pthread_join'
conftest.c:(.text+0x25): undefined reference to `__pthread_register_cancel'
conftest.c:(.text+0x32): undefined reference to `pthread_create'
conftest.c:(.text+0x3a): undefined reference to `__pthread_unregister_cancel'
collect2: ld returned 1 exit status
configure:21488: $? = 1
configure: failed program was:
| /* confdefs.h.  */
| #define PACKAGE_NAME "log4cpp"
| #define PACKAGE_TARNAME "log4cpp"
| #define PACKAGE_VERSION "1.0"
| #define PACKAGE_STRING "log4cpp 1.0"
| #define PACKAGE_BUGREPORT ""
| #define PACKAGE "log4cpp"
| #define VERSION "1.0"
| #define STDC_HEADERS 1
| #define HAVE_SYS_TYPES_H 1
| #define HAVE_SYS_STAT_H 1
| #define HAVE_STDLIB_H 1
| #define HAVE_STRING_H 1
| #define HAVE_MEMORY_H 1
| #define HAVE_STRINGS_H 1
| #define HAVE_INTTYPES_H 1
| #define HAVE_STDINT_H 1
| #define HAVE_UNISTD_H 1
| #define HAVE_DLFCN_H 1
| #define HAVE_UNISTD_H 1
| #define HAVE_INT64_T
| #define HAVE_STDINT_H
| #define HAVE_SNPRINTF
| #define HAVE_SYSLOG 1
| #define HAVE_GETTIMEOFDAY 1
| #define HAVE_FTIME 1
| #define HAVE_LOCALTIME_R 1
| /* end confdefs.h.  */
| #include <pthread.h>
| int
| main ()
| {
| pthread_t th; pthread_join(th, 0);
|                      pthread_attr_init(0); pthread_cleanup_push(0, 0);
|                      pthread_create(0,0,0,0); pthread_cleanup_pop(0);
|   ;
|   return 0;
| }
configure:21508: result: no
configure:21389: checking whether pthreads work with -kthread
configure:21482: gcc -o conftest  -O2 -DNDEBUG -kthread   conftest.c  -lnsl  >&5
gcc: unrecognized option '-kthread'
conftest.c:22:1: warning: "HAVE_STDINT_H" redefined
conftest.c:17:1: warning: this is the location of the previous definition
/tmp/ccW2CaUs.o: In function `main':
conftest.c:(.text+0x8): undefined reference to `pthread_join'
conftest.c:(.text+0x25): undefined reference to `__pthread_register_cancel'
conftest.c:(.text+0x32): undefined reference to `pthread_create'
conftest.c:(.text+0x3a): undefined reference to `__pthread_unregister_cancel'
collect2: ld returned 1 exit status
configure:21488: $? = 1
configure: failed program was:
| /* confdefs.h.  */
| #define PACKAGE_NAME "log4cpp"
| #define PACKAGE_TARNAME "log4cpp"
| #define PACKAGE_VERSION "1.0"
| #define PACKAGE_STRING "log4cpp 1.0"
| #define PACKAGE_BUGREPORT ""
| #define PACKAGE "log4cpp"
| #define VERSION "1.0"
| #define STDC_HEADERS 1
| #define HAVE_SYS_TYPES_H 1
| #define HAVE_SYS_STAT_H 1
| #define HAVE_STDLIB_H 1
| #define HAVE_STRING_H 1
| #define HAVE_MEMORY_H 1
| #define HAVE_STRINGS_H 1
| #define HAVE_INTTYPES_H 1
| #define HAVE_STDINT_H 1
| #define HAVE_UNISTD_H 1
| #define HAVE_DLFCN_H 1
| #define HAVE_UNISTD_H 1
| #define HAVE_INT64_T
| #define HAVE_STDINT_H
| #define HAVE_SNPRINTF
| #define HAVE_SYSLOG 1
| #define HAVE_GETTIMEOFDAY 1
| #define HAVE_FTIME 1
| #define HAVE_LOCALTIME_R 1
| /* end confdefs.h.  */
| #include <pthread.h>
| int
| main ()
| {
| pthread_t th; pthread_join(th, 0);
|                      pthread_attr_init(0); pthread_cleanup_push(0, 0);
|                      pthread_create(0,0,0,0); pthread_cleanup_pop(0);
|   ;
|   return 0;
| }
configure:21508: result: no
configure:21439: checking for the pthreads library -llthread
configure:21482: gcc -o conftest  -O2 -DNDEBUG    conftest.c -llthread -lnsl  >&5
conftest.c:22:1: warning: "HAVE_STDINT_H" redefined
conftest.c:17:1: warning: this is the location of the previous definition
/usr/bin/ld: cannot find -llthread
collect2: ld returned 1 exit status
configure:21488: $? = 1
configure: failed program was:
| /* confdefs.h.  */
| #define PACKAGE_NAME "log4cpp"
| #define PACKAGE_TARNAME "log4cpp"
| #define PACKAGE_VERSION "1.0"
| #define PACKAGE_STRING "log4cpp 1.0"
| #define PACKAGE_BUGREPORT ""
| #define PACKAGE "log4cpp"
| #define VERSION "1.0"
| #define STDC_HEADERS 1
| #define HAVE_SYS_TYPES_H 1
| #define HAVE_SYS_STAT_H 1
| #define HAVE_STDLIB_H 1
| #define HAVE_STRING_H 1
| #define HAVE_MEMORY_H 1
| #define HAVE_STRINGS_H 1
| #define HAVE_INTTYPES_H 1
| #define HAVE_STDINT_H 1
| #define HAVE_UNISTD_H 1
| #define HAVE_DLFCN_H 1
| #define HAVE_UNISTD_H 1
| #define HAVE_INT64_T
| #define HAVE_STDINT_H
| #define HAVE_SNPRINTF
| #define HAVE_SYSLOG 1
| #define HAVE_GETTIMEOFDAY 1
| #define HAVE_FTIME 1
| #define HAVE_LOCALTIME_R 1
| /* end confdefs.h.  */
| #include <pthread.h>
| int
| main ()
| {
| pthread_t th; pthread_join(th, 0);
|                      pthread_attr_init(0); pthread_cleanup_push(0, 0);
|                      pthread_create(0,0,0,0); pthread_cleanup_pop(0);
|   ;
|   return 0;
| }
configure:21508: result: no
configure:21389: checking whether pthreads work with -pthread
configure:21482: gcc -o conftest  -O2 -DNDEBUG -pthread   conftest.c  -lnsl  >&5
conftest.c:22:1: warning: "HAVE_STDINT_H" redefined
conftest.c:17:1: warning: this is the location of the previous definition
configure:21488: $? = 0
configure:21508: result: yes
configure:21527: checking for joinable pthread attribute
configure:21552: gcc -o conftest  -O2 -DNDEBUG -pthread   conftest.c  -lnsl  >&5
conftest.c:22:1: warning: "HAVE_STDINT_H" redefined
conftest.c:17:1: warning: this is the location of the previous definition
configure:21558: $? = 0
configure:21575: result: PTHREAD_CREATE_JOINABLE
configure:21585: checking if more special flags are required for pthreads
configure:21599: result: no
configure:21710: checking whether the compiler implements namespaces
configure:21742: g++ -c -pthread  -O2 -DNDEBUG  conftest.cpp >&5
conftest.cpp:22:1: warning: "HAVE_STDINT_H" redefined
conftest.cpp:17:1: warning: this is the location of the previous definition
configure:21748: $? = 0
configure:21770: result: yes
configure:21780: checking whether the compiler has stringstream
configure:21816: g++ -c -pthread  -O2 -DNDEBUG  conftest.cpp >&5
conftest.cpp:22:1: warning: "HAVE_STDINT_H" redefined
conftest.cpp:17:1: warning: this is the location of the previous definition
configure:21822: $? = 0
configure:21844: result: yes
configure:21967: checking for doxygen
configure:21985: found /usr/bin/doxygen
configure:21997: result: /usr/bin/doxygen
configure:22016: checking for dot
configure:22049: result: no
configure:22127: creating log4cpp-config.in
configure:22300: creating log4cpp.pc.in
configure:22486: creating ./config.status

## ---------------------- ##
## Running config.status. ##
## ---------------------- ##

This file was extended by log4cpp config.status 1.0, which was
generated by GNU Autoconf 2.61.  Invocation command line was

  CONFIG_FILES    = 
  CONFIG_HEADERS  = 
  CONFIG_LINKS    = 
  CONFIG_COMMANDS = 
  $ ./config.status 

on Processor004

config.status:712: creating Makefile
config.status:712: creating log4cpp.spec
config.status:712: creating log4cpp.pc
config.status:712: creating log4cpp-config
config.status:852: WARNING:  log4cpp-config.in seems to ignore the --datarootdir setting
config.status:712: creating config/Makefile
config.status:712: creating doc/Makefile
config.status:712: creating doc/Doxyfile
config.status:712: creating doc/html/Makefile
config.status:712: creating src/Makefile
config.status:712: creating include/Makefile
config.status:712: creating include/log4cpp/Makefile
config.status:712: creating include/log4cpp/threading/Makefile
config.status:712: creating tests/Makefile
config.status:712: creating msvc6/Makefile
config.status:712: creating msvc6/log4cpp/Makefile
config.status:712: creating msvc6/log4cppDLL/Makefile
config.status:712: creating msvc6/testCategory/Makefile
config.status:712: creating msvc6/testDLL/Makefile
config.status:712: creating msvc6/testMain/Makefile
config.status:712: creating msvc6/testNDC/Makefile
config.status:712: creating msvc6/testNTEventLog/Makefile
config.status:712: creating msvc6/testPattern/Makefile
config.status:712: creating bcb5/Makefile
config.status:712: creating bcb5/log4cpp/Makefile
config.status:712: creating bcb5/testCategory/Makefile
config.status:712: creating bcb5/testConfig/Makefile
config.status:712: creating bcb5/testFixedContextCategory/Makefile
config.status:712: creating bcb5/testmain/Makefile
config.status:712: creating bcb5/testNDC/Makefile
config.status:712: creating bcb5/testPattern/Makefile
config.status:712: creating openvms/Makefile
config.status:712: creating include/config.h
config.status:998: executing depfiles commands
configure:23831: result: creating include/log4cpp/config.h - prefix LOG4CPP for include/config.h defines

## ---------------- ##
## Cache variables. ##
## ---------------- ##

ac_cv_build=x86_64-unknown-linux-gnu
ac_cv_c_compiler_gnu=yes
ac_cv_c_int64_t=yes
ac_cv_cxx_compiler_gnu=yes
ac_cv_cxx_have_sstream=yes
ac_cv_cxx_namespaces=yes
ac_cv_env_CCC_set=
ac_cv_env_CCC_value=
ac_cv_env_CC_set=
ac_cv_env_CC_value=
ac_cv_env_CFLAGS_set=
ac_cv_env_CFLAGS_value=
ac_cv_env_CPPFLAGS_set=
ac_cv_env_CPPFLAGS_value=
ac_cv_env_CPP_set=
ac_cv_env_CPP_value=
ac_cv_env_CXXCPP_set=
ac_cv_env_CXXCPP_value=
ac_cv_env_CXXFLAGS_set=
ac_cv_env_CXXFLAGS_value=
ac_cv_env_CXX_set=
ac_cv_env_CXX_value=
ac_cv_env_F77_set=
ac_cv_env_F77_value=
ac_cv_env_FFLAGS_set=
ac_cv_env_FFLAGS_value=
ac_cv_env_LDFLAGS_set=
ac_cv_env_LDFLAGS_value=
ac_cv_env_LIBS_set=
ac_cv_env_LIBS_value=
ac_cv_env_build_alias_set=
ac_cv_env_build_alias_value=
ac_cv_env_host_alias_set=
ac_cv_env_host_alias_value=
ac_cv_env_target_alias_set=
ac_cv_env_target_alias_value=
ac_cv_f77_compiler_gnu=yes
ac_cv_func_ftime=yes
ac_cv_func_gettimeofday=yes
ac_cv_func_localtime_r=yes
ac_cv_func_snprintf=yes
ac_cv_func_syslog=yes
ac_cv_header_dlfcn_h=yes
ac_cv_header_inttypes_h=yes
ac_cv_header_io_h=no
ac_cv_header_memory_h=yes
ac_cv_header_stdc=yes
ac_cv_header_stdint_h=yes
ac_cv_header_stdlib_h=yes
ac_cv_header_string_h=yes
ac_cv_header_strings_h=yes
ac_cv_header_sys_stat_h=yes
ac_cv_header_sys_types_h=yes
ac_cv_header_unistd_h=yes
ac_cv_host=x86_64-unknown-linux-gnu
ac_cv_lib_nsl_gethostbyname=yes
ac_cv_lib_socket_socket=no
ac_cv_objext=o
ac_cv_path_DOXYGEN=/usr/bin/doxygen
ac_cv_path_EGREP='/bin/grep -E'
ac_cv_path_GREP=/bin/grep
ac_cv_path_install='/usr/bin/install -c'
ac_cv_path_mkdir=/bin/mkdir
ac_cv_prog_AWK=gawk
ac_cv_prog_CPP='gcc -E'
ac_cv_prog_CXXCPP='g++ -E'
ac_cv_prog_ac_ct_AR=ar
ac_cv_prog_ac_ct_CC=gcc
ac_cv_prog_ac_ct_CXX=g++
ac_cv_prog_ac_ct_F77=g77
ac_cv_prog_ac_ct_RANLIB=ranlib
ac_cv_prog_ac_ct_STRIP=strip
ac_cv_prog_cc_c89=
ac_cv_prog_cc_g=yes
ac_cv_prog_cxx_g=yes
ac_cv_prog_f77_g=yes
ac_cv_prog_make_make_set=yes
am_cv_CC_dependencies_compiler_type=gcc3
am_cv_CXX_dependencies_compiler_type=gcc3
lt_cv_deplibs_check_method=pass_all
lt_cv_file_magic_cmd='$MAGIC_CMD'
lt_cv_file_magic_test_file=
lt_cv_ld_reload_flag=-r
lt_cv_objdir=.libs
lt_cv_path_LD=/usr/bin/ld
lt_cv_path_LDCXX='/usr/bin/ld -m elf_x86_64'
lt_cv_path_NM='/usr/bin/nm -B'
lt_cv_path_SED=/bin/sed
lt_cv_prog_compiler_c_o=yes
lt_cv_prog_compiler_c_o_CXX=yes
lt_cv_prog_compiler_c_o_F77=yes
lt_cv_prog_compiler_rtti_exceptions=no
lt_cv_prog_gnu_ld=yes
lt_cv_prog_gnu_ldcxx=yes
lt_cv_sys_global_symbol_pipe='sed -n -e '\''s/^.*[ 	]\([ABCDGIRSTW][ABCDGIRSTW]*\)[ 	][ 	]*\([_A-Za-z][_A-Za-z0-9]*\)$/\1 \2 \2/p'\'''
lt_cv_sys_global_symbol_to_c_name_address='sed -n -e '\''s/^: \([^ ]*\) $/  {\"\1\", (lt_ptr) 0},/p'\'' -e '\''s/^[BCDEGRST] \([^ ]*\) \([^ ]*\)$/  {"\2", (lt_ptr) \&\2},/p'\'''
lt_cv_sys_global_symbol_to_cdecl='sed -n -e '\''s/^. .* \(.*\)$/extern int \1;/p'\'''
lt_cv_sys_max_cmd_len=98304
lt_lt_cv_prog_compiler_c_o='"yes"'
lt_lt_cv_prog_compiler_c_o_CXX='"yes"'
lt_lt_cv_prog_compiler_c_o_F77='"yes"'
lt_lt_cv_sys_global_symbol_pipe='"sed -n -e '\''s/^.*[ 	]\\([ABCDGIRSTW][ABCDGIRSTW]*\\)[ 	][ 	]*\\([_A-Za-z][_A-Za-z0-9]*\\)\$/\\1 \\2 \\2/p'\''"'
lt_lt_cv_sys_global_symbol_to_c_name_address='"sed -n -e '\''s/^: \\([^ ]*\\) \$/  {\\\"\\1\\\", (lt_ptr) 0},/p'\'' -e '\''s/^[BCDEGRST] \\([^ ]*\\) \\([^ ]*\\)\$/  {\"\\2\", (lt_ptr) \\&\\2},/p'\''"'
lt_lt_cv_sys_global_symbol_to_cdecl='"sed -n -e '\''s/^. .* \\(.*\\)\$/extern int \\1;/p'\''"'

## ----------------- ##
## Output variables. ##
## ----------------- ##

ACLOCAL='${SHELL} /home/yqpt2/fakewrite2/src/log4cpp-1.0/config/missing --run aclocal-1.10'
AMDEPBACKSLASH='\'
AMDEP_FALSE='#'
AMDEP_TRUE=''
AMTAR='${SHELL} /home/yqpt2/fakewrite2/src/log4cpp-1.0/config/missing --run tar'
AR='ar'
AUTOCONF='${SHELL} /home/yqpt2/fakewrite2/src/log4cpp-1.0/config/missing --run autoconf'
AUTOHEADER='${SHELL} /home/yqpt2/fakewrite2/src/log4cpp-1.0/config/missing --run autoheader'
AUTOMAKE='${SHELL} /home/yqpt2/fakewrite2/src/log4cpp-1.0/config/missing --run automake-1.10'
AWK='gawk'
CC='gcc'
CCDEPMODE='depmode=gcc3'
CFLAGS='-pthread  -O2 -DNDEBUG -Wall -Wno-unused -pedantic'
CPP='gcc -E'
CPPFLAGS=''
CXX='g++'
CXXCPP='g++ -E'
CXXDEPMODE='depmode=gcc3'
CXXFLAGS='-pthread  -O2 -DNDEBUG -Wall -Wno-unused -pedantic'
CYGPATH_W='echo'
DEFS='-DHAVE_CONFIG_H'
DEPDIR='.deps'
DOC_FALSE='#'
DOC_TRUE=''
DOT=''
DOXYGEN='/usr/bin/doxygen'
ECHO='echo'
ECHO_C=''
ECHO_N='-n'
ECHO_T=''
EGREP='/bin/grep -E'
EXEEXT=''
F77='g77'
FFLAGS='-g -O2'
GREP='/bin/grep'
INSTALL_DATA='${INSTALL} -m 644'
INSTALL_PROGRAM='${INSTALL}'
INSTALL_SCRIPT='${INSTALL}'
INSTALL_STRIP_PROGRAM='$(install_sh) -c -s'
LDFLAGS=''
LIBOBJS=''
LIBS=' -lnsl '
LIBTOOL='$(SHELL) $(top_builddir)/libtool'
LN_S='ln -s'
LOG4CPP_CONFIG='log4cpp-config'
LOG4CPP_CONFLICTS=''
LOG4CPP_PKGCONFIG='log4cpp-config'
LOG4CPP_REQUIRES=''
LOG4CPP_VERSION='1.0'
LTLIBOBJS=''
LT_VERSION='4:6:0'
MAKEINFO='${SHELL} /home/yqpt2/fakewrite2/src/log4cpp-1.0/config/missing --run makeinfo'
OBJEXT='o'
PACKAGE='log4cpp'
PACKAGE_BUGREPORT=''
PACKAGE_NAME='log4cpp'
PACKAGE_STRING='log4cpp 1.0'
PACKAGE_TARNAME='log4cpp'
PACKAGE_VERSION='1.0'
PATH_SEPARATOR=':'
PTHREAD_CC='gcc'
PTHREAD_CFLAGS='-pthread'
PTHREAD_LIBS=''
RANLIB='ranlib'
SED='/bin/sed'
SET_MAKE=''
SHELL='/bin/sh'
STRIP='strip'
VERSION='1.0'
ac_ct_CC='gcc'
ac_ct_CXX='g++'
ac_ct_F77='g77'
acx_pthread_config=''
am__fastdepCC_FALSE='#'
am__fastdepCC_TRUE=''
am__fastdepCXX_FALSE='#'
am__fastdepCXX_TRUE=''
am__include='include'
am__isrc=''
am__leading_dot='.'
am__quote=''
am__tar='${AMTAR} chof - "$$tardir"'
am__untar='${AMTAR} xf -'
bindir='${exec_prefix}/bin'
build='x86_64-unknown-linux-gnu'
build_alias=''
build_cpu='x86_64'
build_os='linux-gnu'
build_vendor='unknown'
datadir='${datarootdir}'
datarootdir='${prefix}/share'
docdir='${datarootdir}/doc/${PACKAGE_TARNAME}'
dvidir='${docdir}'
enable_dot='no'
enable_html_docs='yes'
enable_latex_docs='no'
exec_prefix='${prefix}'
host='x86_64-unknown-linux-gnu'
host_alias=''
host_cpu='x86_64'
host_os='linux-gnu'
host_vendor='unknown'
htmldir='${docdir}'
includedir='${prefix}/include'
infodir='${datarootdir}/info'
install_sh='$(SHELL) /home/yqpt2/fakewrite2/src/log4cpp-1.0/config/install-sh'
libdir='${exec_prefix}/lib'
libexecdir='${exec_prefix}/libexec'
localedir='${datarootdir}/locale'
localstatedir='${prefix}/var'
log4cpp_cflags='-pthread  -O2 -DNDEBUG'
log4cpp_libs='-llog4cpp  -lnsl '
mandir='${datarootdir}/man'
mkdir_p='/bin/mkdir -p'
oldincludedir='/usr/include'
pdfdir='${docdir}'
prefix='/usr/local'
program_transform_name='s,x,x,'
psdir='${docdir}'
sbindir='${exec_prefix}/sbin'
sharedstatedir='${prefix}/com'
sysconfdir='${prefix}/etc'
target=''
target_alias=''

## ----------- ##
## confdefs.h. ##
## ----------- ##

#define PACKAGE_NAME "log4cpp"
#define PACKAGE_TARNAME "log4cpp"
#define PACKAGE_VERSION "1.0"
#define PACKAGE_STRING "log4cpp 1.0"
#define PACKAGE_BUGREPORT ""
#define PACKAGE "log4cpp"
#define VERSION "1.0"
#define STDC_HEADERS 1
#define HAVE_SYS_TYPES_H 1
#define HAVE_SYS_STAT_H 1
#define HAVE_STDLIB_H 1
#define HAVE_STRING_H 1
#define HAVE_MEMORY_H 1
#define HAVE_STRINGS_H 1
#define HAVE_INTTYPES_H 1
#define HAVE_STDINT_H 1
#define HAVE_UNISTD_H 1
#define HAVE_DLFCN_H 1
#define HAVE_UNISTD_H 1
#define HAVE_INT64_T
#define HAVE_STDINT_H
#define HAVE_SNPRINTF
#define HAVE_SYSLOG 1
#define HAVE_GETTIMEOFDAY 1
#define HAVE_FTIME 1
#define HAVE_LOCALTIME_R 1
#define HAVE_PTHREAD 1
#define HAVE_THREADING 1
#define USE_PTHREADS 1
#define HAVE_NAMESPACES
#define HAVE_SSTREAM

configure: exit 0
